<?xml version="1.0" encoding="UTF-8"?>
<!-- Generated by org.testng.reporters.JUnitReportReporter -->
<testsuite hostname="Goosa-HP-Notebook" failures="0" tests="5" name="qaproject.webtest" time="77.031" errors="0" timestamp="2022-06-03T21:29:10 EET" skipped="0">
  <testcase classname="qaproject.webtest" name="register" time="16.539"/>
  <system-out/>
  <testcase classname="qaproject.webtest" name="searchProduct" time="11.699"/>
  <system-out/>
  <testcase classname="qaproject.webtest" name="verifyQuantityReflection" time="17.909"/>
  <system-out/>
  <testcase classname="qaproject.webtest" name="verifyAddingWish_WO_Login" time="12.886"/>
  <system-out/>
  <testcase classname="qaproject.webtest" name="verifyAddingWish_LoggedIn" time="17.998"/>
  <system-out/>
</testsuite> <!-- qaproject.webtest -->
